# JRE version: OpenJDK Runtime Environment (8.0_242-b08) (build 1.8.0_242-b08)
# Java VM: OpenJDK 64-Bit Server VM (25.242-b08 mixed mode bsd-amd64 compressed oops)
Heap:
 PSYoungGen      total 656384K, used 19998K [0x00000006eab00000, 0x0000000723900000, 0x00000007c0000000)
  eden space 602112K, 3% used [0x00000006eab00000,0x00000006ebe87b98,0x000000070f700000)
  from space 54272K, 0% used [0x000000070f700000,0x000000070f700000,0x0000000712c00000)
  to   space 62976K, 0% used [0x000000071fb80000,0x000000071fb80000,0x0000000723900000)
 ParOldGen       total 278528K, used 106182K [0x0000000540000000, 0x0000000551000000, 0x00000006eab00000)
  object space 278528K, 38% used [0x0000000540000000,0x00000005467b1a00,0x0000000551000000)
 Metaspace       used 35477K, capacity 35946K, committed 36312K, reserved 1081344K
  class space    used 4673K, capacity 4808K, committed 4864K, reserved 1048576K
GC Heap History (10 events):
Event: 6.833 GC heap before
{Heap before GC invocations=7 (full 1):
 PSYoungGen      total 272896K, used 262144K [0x00000006eab00000, 0x0000000710500000, 0x00000007c0000000)
  eden space 262144K, 100% used [0x00000006eab00000,0x00000006fab00000,0x00000006fab00000)
  from space 10752K, 0% used [0x00000006fab00000,0x00000006fab00000,0x00000006fb580000)
  to   space 46080K, 0% used [0x000000070d800000,0x000000070d800000,0x0000000710500000)
 ParOldGen       total 188416K, used 59333K [0x0000000540000000, 0x000000054b800000, 0x00000006eab00000)
  object space 188416K, 31% used [0x0000000540000000,0x00000005439f1710,0x000000054b800000)
 Metaspace       used 23958K, capacity 24232K, committed 24448K, reserved 1071104K
  class space    used 2800K, capacity 2893K, committed 2944K, reserved 1048576K
Event: 6.855 GC heap after
Heap after GC invocations=7 (full 1):
 PSYoungGen      total 425984K, used 22601K [0x00000006eab00000, 0x000000070ee80000, 0x00000007c0000000)
  eden space 402944K, 0% used [0x00000006eab00000,0x00000006eab00000,0x0000000703480000)
  from space 23040K, 98% used [0x000000070d800000,0x000000070ee12450,0x000000070ee80000)
  to   space 43520K, 0% used [0x0000000709980000,0x0000000709980000,0x000000070c400000)
 ParOldGen       total 188416K, used 59341K [0x0000000540000000, 0x000000054b800000, 0x00000006eab00000)
  object space 188416K, 31% used [0x0000000540000000,0x00000005439f3710,0x000000054b800000)
 Metaspace       used 23958K, capacity 24232K, committed 24448K, reserved 1071104K
  class space    used 2800K, capacity 2893K, committed 2944K, reserved 1048576K
}
Event: 8.530 GC heap before
{Heap before GC invocations=8 (full 1):
 PSYoungGen      total 425984K, used 425545K [0x00000006eab00000, 0x000000070ee80000, 0x00000007c0000000)
  eden space 402944K, 100% used [0x00000006eab00000,0x0000000703480000,0x0000000703480000)
  from space 23040K, 98% used [0x000000070d800000,0x000000070ee12450,0x000000070ee80000)
  to   space 43520K, 0% used [0x0000000709980000,0x0000000709980000,0x000000070c400000)
 ParOldGen       total 188416K, used 59341K [0x0000000540000000, 0x000000054b800000, 0x00000006eab00000)
  object space 188416K, 31% used [0x0000000540000000,0x00000005439f3710,0x000000054b800000)
 Metaspace       used 27393K, capacity 27778K, committed 28288K, reserved 1075200K
  class space    used 3278K, capacity 3366K, committed 3456K, reserved 1048576K
Event: 8.558 GC heap after
Heap after GC invocations=8 (full 1):
 PSYoungGen      total 549888K, used 36586K [0x00000006eab00000, 0x0000000715a00000, 0x00000007c0000000)
  eden space 506368K, 0% used [0x00000006eab00000,0x00000006eab00000,0x0000000709980000)
  from space 43520K, 84% used [0x0000000709980000,0x000000070bd3aa00,0x000000070c400000)
  to   space 47104K, 0% used [0x0000000712c00000,0x0000000712c00000,0x0000000715a00000)
 ParOldGen       total 188416K, used 59349K [0x0000000540000000, 0x000000054b800000, 0x00000006eab00000)
  object space 188416K, 31% used [0x0000000540000000,0x00000005439f5710,0x000000054b800000)
 Metaspace       used 27393K, capacity 27778K, committed 28288K, reserved 1075200K
  class space    used 3278K, capacity 3366K, committed 3456K, reserved 1048576K
}
Event: 10.060 GC heap before
{Heap before GC invocations=9 (full 1):
 PSYoungGen      total 549888K, used 542954K [0x00000006eab00000, 0x0000000715a00000, 0x00000007c0000000)
  eden space 506368K, 100% used [0x00000006eab00000,0x0000000709980000,0x0000000709980000)
  from space 43520K, 84% used [0x0000000709980000,0x000000070bd3aa00,0x000000070c400000)
  to   space 47104K, 0% used [0x0000000712c00000,0x0000000712c00000,0x0000000715a00000)
 ParOldGen       total 188416K, used 59349K [0x0000000540000000, 0x000000054b800000, 0x00000006eab00000)
  object space 188416K, 31% used [0x0000000540000000,0x00000005439f5710,0x000000054b800000)
 Metaspace       used 32032K, capacity 32358K, committed 32896K, reserved 1077248K
  class space    used 4250K, capacity 4358K, committed 4480K, reserved 1048576K
Event: 10.092 GC heap after
Heap after GC invocations=9 (full 1):
 PSYoungGen      total 649216K, used 47099K [0x00000006eab00000, 0x000000071fd80000, 0x00000007c0000000)
  eden space 602112K, 0% used [0x00000006eab00000,0x00000006eab00000,0x000000070f700000)
  from space 47104K, 99% used [0x0000000712c00000,0x00000007159fec00,0x0000000715a00000)
  to   space 54272K, 0% used [0x000000070f700000,0x000000070f700000,0x0000000712c00000)
 ParOldGen       total 188416K, used 60708K [0x0000000540000000, 0x000000054b800000, 0x00000006eab00000)
  object space 188416K, 32% used [0x0000000540000000,0x0000000543b491a0,0x000000054b800000)
 Metaspace       used 32032K, capacity 32358K, committed 32896K, reserved 1077248K
  class space    used 4250K, capacity 4358K, committed 4480K, reserved 1048576K
}
Event: 10.807 GC heap before
{Heap before GC invocations=10 (full 1):
 PSYoungGen      total 649216K, used 310809K [0x00000006eab00000, 0x000000071fd80000, 0x00000007c0000000)
  eden space 602112K, 43% used [0x00000006eab00000,0x00000006fac87898,0x000000070f700000)
  from space 47104K, 99% used [0x0000000712c00000,0x00000007159fec00,0x0000000715a00000)
  to   space 54272K, 0% used [0x000000070f700000,0x000000070f700000,0x0000000712c00000)
 ParOldGen       total 188416K, used 60708K [0x0000000540000000, 0x000000054b800000, 0x00000006eab00000)
  object space 188416K, 32% used [0x0000000540000000,0x0000000543b491a0,0x000000054b800000)
 Metaspace       used 34774K, capacity 35146K, committed 35416K, reserved 1079296K
  class space    used 4591K, capacity 4712K, committed 4736K, reserved 1048576K
Event: 10.843 GC heap after
Heap after GC invocations=10 (full 1):
 PSYoungGen      total 656384K, used 54259K [0x00000006eab00000, 0x0000000723900000, 0x00000007c0000000)
  eden space 602112K, 0% used [0x00000006eab00000,0x00000006eab00000,0x000000070f700000)
  from space 54272K, 99% used [0x000000070f700000,0x0000000712bfcd80,0x0000000712c00000)
  to   space 62976K, 0% used [0x000000071fb80000,0x000000071fb80000,0x0000000723900000)
 ParOldGen       total 188416K, used 64913K [0x0000000540000000, 0x000000054b800000, 0x00000006eab00000)
  object space 188416K, 34% used [0x0000000540000000,0x0000000543f64680,0x000000054b800000)
 Metaspace       used 34774K, capacity 35146K, committed 35416K, reserved 1079296K
  class space    used 4591K, capacity 4712K, committed 4736K, reserved 1048576K
}
Event: 10.843 GC heap before
{Heap before GC invocations=11 (full 2):
 PSYoungGen      total 656384K, used 54259K [0x00000006eab00000, 0x0000000723900000, 0x00000007c0000000)
  eden space 602112K, 0% used [0x00000006eab00000,0x00000006eab00000,0x000000070f700000)
  from space 54272K, 99% used [0x000000070f700000,0x0000000712bfcd80,0x0000000712c00000)
  to   space 62976K, 0% used [0x000000071fb80000,0x000000071fb80000,0x0000000723900000)
 ParOldGen       total 188416K, used 64913K [0x0000000540000000, 0x000000054b800000, 0x00000006eab00000)
  object space 188416K, 34% used [0x0000000540000000,0x0000000543f64680,0x000000054b800000)
 Metaspace       used 34774K, capacity 35146K, committed 35416K, reserved 1079296K
  class space    used 4591K, capacity 4712K, committed 4736K, reserved 1048576K
Event: 11.038 GC heap after
Heap after GC invocations=11 (full 2):
 PSYoungGen      total 656384K, used 0K [0x00000006eab00000, 0x0000000723900000, 0x00000007c0000000)
  eden space 602112K, 0% used [0x00000006eab00000,0x00000006eab00000,0x000000070f700000)
  from space 54272K, 0% used [0x000000070f700000,0x000000070f700000,0x0000000712c00000)
  to   space 62976K, 0% used [0x000000071fb80000,0x000000071fb80000,0x0000000723900000)
 ParOldGen       total 278528K, used 106182K [0x0000000540000000, 0x0000000551000000, 0x00000006eab00000)
  object space 278528K, 38% used [0x0000000540000000,0x00000005467b1a00,0x0000000551000000)
 Metaspace       used 34774K, capacity 35146K, committed 35416K, reserved 1079296K
  class space    used 4591K, capacity 4712K, committed 4736K, reserved 1048576K
}

