# JRE version: OpenJDK Runtime Environment (8.0_242-b08) (build 1.8.0_242-b08)
# Java VM: OpenJDK 64-Bit Server VM (25.242-b08 mixed mode bsd-amd64 compressed oops)
Heap:
 PSYoungGen      total 639488K, used 21484K [0x00000006eab00000, 0x0000000722f80000, 0x00000007c0000000)
  eden space 593920K, 3% used [0x00000006eab00000,0x00000006ebffb2b0,0x000000070ef00000)
  from space 45568K, 0% used [0x000000070ef00000,0x000000070ef00000,0x0000000711b80000)
  to   space 46592K, 0% used [0x0000000720200000,0x0000000720200000,0x0000000722f80000)
 ParOldGen       total 279040K, used 106596K [0x0000000540000000, 0x0000000551080000, 0x00000006eab00000)
  object space 279040K, 38% used [0x0000000540000000,0x00000005468192b8,0x0000000551080000)
 Metaspace       used 35861K, capacity 36272K, committed 36736K, reserved 1081344K
  class space    used 4728K, capacity 4875K, committed 4992K, reserved 1048576K
GC Heap History (10 events):
Event: 9.177 GC heap before
{Heap before GC invocations=9 (full 1):
 PSYoungGen      total 310272K, used 261632K [0x00000006eab00000, 0x0000000710500000, 0x00000007c0000000)
  eden space 261632K, 100% used [0x00000006eab00000,0x00000006faa80000,0x00000006faa80000)
  from space 48640K, 0% used [0x00000006faa80000,0x00000006faa80000,0x00000006fda00000)
  to   space 46592K, 0% used [0x000000070d780000,0x000000070d780000,0x0000000710500000)
 ParOldGen       total 175616K, used 52991K [0x0000000540000000, 0x000000054ab80000, 0x00000006eab00000)
  object space 175616K, 30% used [0x0000000540000000,0x00000005433bfe70,0x000000054ab80000)
 Metaspace       used 23935K, capacity 24302K, committed 24704K, reserved 1071104K
  class space    used 2814K, capacity 2896K, committed 2944K, reserved 1048576K
Event: 9.212 GC heap after
Heap after GC invocations=9 (full 1):
 PSYoungGen      total 457728K, used 25433K [0x00000006eab00000, 0x000000070f080000, 0x00000007c0000000)
  eden space 432128K, 0% used [0x00000006eab00000,0x00000006eab00000,0x0000000705100000)
  from space 25600K, 99% used [0x000000070d780000,0x000000070f056790,0x000000070f080000)
  to   space 44544K, 0% used [0x0000000709980000,0x0000000709980000,0x000000070c500000)
 ParOldGen       total 175616K, used 52999K [0x0000000540000000, 0x000000054ab80000, 0x00000006eab00000)
  object space 175616K, 30% used [0x0000000540000000,0x00000005433c1e70,0x000000054ab80000)
 Metaspace       used 23935K, capacity 24302K, committed 24704K, reserved 1071104K
  class space    used 2814K, capacity 2896K, committed 2944K, reserved 1048576K
}
Event: 10.970 GC heap before
{Heap before GC invocations=10 (full 1):
 PSYoungGen      total 457728K, used 457561K [0x00000006eab00000, 0x000000070f080000, 0x00000007c0000000)
  eden space 432128K, 100% used [0x00000006eab00000,0x0000000705100000,0x0000000705100000)
  from space 25600K, 99% used [0x000000070d780000,0x000000070f056790,0x000000070f080000)
  to   space 44544K, 0% used [0x0000000709980000,0x0000000709980000,0x000000070c500000)
 ParOldGen       total 175616K, used 52999K [0x0000000540000000, 0x000000054ab80000, 0x00000006eab00000)
  object space 175616K, 30% used [0x0000000540000000,0x00000005433c1e70,0x000000054ab80000)
 Metaspace       used 27784K, capacity 28136K, committed 28416K, reserved 1075200K
  class space    used 3332K, capacity 3465K, committed 3584K, reserved 1048576K
Event: 10.995 GC heap after
Heap after GC invocations=10 (full 1):
 PSYoungGen      total 550912K, used 37201K [0x00000006eab00000, 0x0000000714980000, 0x00000007c0000000)
  eden space 506368K, 0% used [0x00000006eab00000,0x00000006eab00000,0x0000000709980000)
  from space 44544K, 83% used [0x0000000709980000,0x000000070bdd47c8,0x000000070c500000)
  to   space 47104K, 0% used [0x0000000711b80000,0x0000000711b80000,0x0000000714980000)
 ParOldGen       total 175616K, used 53007K [0x0000000540000000, 0x000000054ab80000, 0x00000006eab00000)
  object space 175616K, 30% used [0x0000000540000000,0x00000005433c3e70,0x000000054ab80000)
 Metaspace       used 27784K, capacity 28136K, committed 28416K, reserved 1075200K
  class space    used 3332K, capacity 3465K, committed 3584K, reserved 1048576K
}
Event: 12.787 GC heap before
{Heap before GC invocations=11 (full 1):
 PSYoungGen      total 550912K, used 543569K [0x00000006eab00000, 0x0000000714980000, 0x00000007c0000000)
  eden space 506368K, 100% used [0x00000006eab00000,0x0000000709980000,0x0000000709980000)
  from space 44544K, 83% used [0x0000000709980000,0x000000070bdd47c8,0x000000070c500000)
  to   space 47104K, 0% used [0x0000000711b80000,0x0000000711b80000,0x0000000714980000)
 ParOldGen       total 175616K, used 53007K [0x0000000540000000, 0x000000054ab80000, 0x00000006eab00000)
  object space 175616K, 30% used [0x0000000540000000,0x00000005433c3e70,0x000000054ab80000)
 Metaspace       used 31599K, capacity 31980K, committed 32256K, reserved 1077248K
  class space    used 4116K, capacity 4233K, committed 4352K, reserved 1048576K
Event: 12.823 GC heap after
Heap after GC invocations=11 (full 1):
 PSYoungGen      total 641024K, used 29759K [0x00000006eab00000, 0x000000071a400000, 0x00000007c0000000)
  eden space 593920K, 0% used [0x00000006eab00000,0x00000006eab00000,0x000000070ef00000)
  from space 47104K, 63% used [0x0000000711b80000,0x000000071388fef8,0x0000000714980000)
  to   space 45568K, 0% used [0x000000070ef00000,0x000000070ef00000,0x0000000711b80000)
 ParOldGen       total 175616K, used 74682K [0x0000000540000000, 0x000000054ab80000, 0x00000006eab00000)
  object space 175616K, 42% used [0x0000000540000000,0x00000005448eea98,0x000000054ab80000)
 Metaspace       used 31599K, capacity 31980K, committed 32256K, reserved 1077248K
  class space    used 4116K, capacity 4233K, committed 4352K, reserved 1048576K
}
Event: 13.848 GC heap before
{Heap before GC invocations=12 (full 1):
 PSYoungGen      total 641024K, used 354018K [0x00000006eab00000, 0x000000071a400000, 0x00000007c0000000)
  eden space 593920K, 54% used [0x00000006eab00000,0x00000006fe7a8978,0x000000070ef00000)
  from space 47104K, 63% used [0x0000000711b80000,0x000000071388fef8,0x0000000714980000)
  to   space 45568K, 0% used [0x000000070ef00000,0x000000070ef00000,0x0000000711b80000)
 ParOldGen       total 175616K, used 74682K [0x0000000540000000, 0x000000054ab80000, 0x00000006eab00000)
  object space 175616K, 42% used [0x0000000540000000,0x00000005448eea98,0x000000054ab80000)
 Metaspace       used 34883K, capacity 35280K, committed 35496K, reserved 1079296K
  class space    used 4631K, capacity 4779K, committed 4864K, reserved 1048576K
Event: 13.909 GC heap after
Heap after GC invocations=12 (full 1):
 PSYoungGen      total 639488K, used 13368K [0x00000006eab00000, 0x0000000722f80000, 0x00000007c0000000)
  eden space 593920K, 0% used [0x00000006eab00000,0x00000006eab00000,0x000000070ef00000)
  from space 45568K, 29% used [0x000000070ef00000,0x000000070fc0e200,0x0000000711b80000)
  to   space 46592K, 0% used [0x0000000720200000,0x0000000720200000,0x0000000722f80000)
 ParOldGen       total 175616K, used 103071K [0x0000000540000000, 0x000000054ab80000, 0x00000006eab00000)
  object space 175616K, 58% used [0x0000000540000000,0x00000005464a7e18,0x000000054ab80000)
 Metaspace       used 34883K, capacity 35280K, committed 35496K, reserved 1079296K
  class space    used 4631K, capacity 4779K, committed 4864K, reserved 1048576K
}
Event: 13.909 GC heap before
{Heap before GC invocations=13 (full 2):
 PSYoungGen      total 639488K, used 13368K [0x00000006eab00000, 0x0000000722f80000, 0x00000007c0000000)
  eden space 593920K, 0% used [0x00000006eab00000,0x00000006eab00000,0x000000070ef00000)
  from space 45568K, 29% used [0x000000070ef00000,0x000000070fc0e200,0x0000000711b80000)
  to   space 46592K, 0% used [0x0000000720200000,0x0000000720200000,0x0000000722f80000)
 ParOldGen       total 175616K, used 103071K [0x0000000540000000, 0x000000054ab80000, 0x00000006eab00000)
  object space 175616K, 58% used [0x0000000540000000,0x00000005464a7e18,0x000000054ab80000)
 Metaspace       used 34883K, capacity 35280K, committed 35496K, reserved 1079296K
  class space    used 4631K, capacity 4779K, committed 4864K, reserved 1048576K
Event: 14.293 GC heap after
Heap after GC invocations=13 (full 2):
 PSYoungGen      total 639488K, used 0K [0x00000006eab00000, 0x0000000722f80000, 0x00000007c0000000)
  eden space 593920K, 0% used [0x00000006eab00000,0x00000006eab00000,0x000000070ef00000)
  from space 45568K, 0% used [0x000000070ef00000,0x000000070ef00000,0x0000000711b80000)
  to   space 46592K, 0% used [0x0000000720200000,0x0000000720200000,0x0000000722f80000)
 ParOldGen       total 279040K, used 106596K [0x0000000540000000, 0x0000000551080000, 0x00000006eab00000)
  object space 279040K, 38% used [0x0000000540000000,0x00000005468192b8,0x0000000551080000)
 Metaspace       used 34883K, capacity 35280K, committed 35496K, reserved 1079296K
  class space    used 4631K, capacity 4779K, committed 4864K, reserved 1048576K
}

