# JRE version: OpenJDK Runtime Environment (8.0_242-b08) (build 1.8.0_242-b08)
# Java VM: OpenJDK 64-Bit Server VM (25.242-b08 mixed mode bsd-amd64 compressed oops)
Heap:
 PSYoungGen      total 669184K, used 21088K [0x00000006eab00000, 0x0000000723e80000, 0x00000007c0000000)
  eden space 611328K, 3% used [0x00000006eab00000,0x00000006ebf98268,0x0000000710000000)
  from space 57856K, 0% used [0x0000000710000000,0x0000000710000000,0x0000000713880000)
  to   space 58880K, 0% used [0x0000000720500000,0x0000000720500000,0x0000000723e80000)
 ParOldGen       total 290816K, used 106681K [0x0000000540000000, 0x0000000551c00000, 0x00000006eab00000)
  object space 290816K, 36% used [0x0000000540000000,0x000000054682e6e0,0x0000000551c00000)
 Metaspace       used 35815K, capacity 36272K, committed 36736K, reserved 1081344K
  class space    used 4724K, capacity 4875K, committed 4992K, reserved 1048576K
GC Heap History (10 events):
Event: 6.014 GC heap before
{Heap before GC invocations=7 (full 1):
 PSYoungGen      total 272896K, used 262144K [0x00000006eab00000, 0x0000000711400000, 0x00000007c0000000)
  eden space 262144K, 100% used [0x00000006eab00000,0x00000006fab00000,0x00000006fab00000)
  from space 10752K, 0% used [0x00000006fab00000,0x00000006fab00000,0x00000006fb580000)
  to   space 53760K, 0% used [0x000000070df80000,0x000000070df80000,0x0000000711400000)
 ParOldGen       total 196096K, used 58302K [0x0000000540000000, 0x000000054bf80000, 0x00000006eab00000)
  object space 196096K, 29% used [0x0000000540000000,0x00000005438ef8b0,0x000000054bf80000)
 Metaspace       used 23913K, capacity 24290K, committed 24704K, reserved 1071104K
  class space    used 2811K, capacity 2896K, committed 2944K, reserved 1048576K
Event: 6.043 GC heap after
Heap after GC invocations=7 (full 1):
 PSYoungGen      total 429056K, used 25519K [0x00000006eab00000, 0x000000070f880000, 0x00000007c0000000)
  eden space 403456K, 0% used [0x00000006eab00000,0x00000006eab00000,0x0000000703500000)
  from space 25600K, 99% used [0x000000070df80000,0x000000070f86bc68,0x000000070f880000)
  to   space 51200K, 0% used [0x0000000709480000,0x0000000709480000,0x000000070c680000)
 ParOldGen       total 196096K, used 58310K [0x0000000540000000, 0x000000054bf80000, 0x00000006eab00000)
  object space 196096K, 29% used [0x0000000540000000,0x00000005438f18b0,0x000000054bf80000)
 Metaspace       used 23913K, capacity 24290K, committed 24704K, reserved 1071104K
  class space    used 2811K, capacity 2896K, committed 2944K, reserved 1048576K
}
Event: 7.567 GC heap before
{Heap before GC invocations=8 (full 1):
 PSYoungGen      total 429056K, used 428975K [0x00000006eab00000, 0x000000070f880000, 0x00000007c0000000)
  eden space 403456K, 100% used [0x00000006eab00000,0x0000000703500000,0x0000000703500000)
  from space 25600K, 99% used [0x000000070df80000,0x000000070f86bc68,0x000000070f880000)
  to   space 51200K, 0% used [0x0000000709480000,0x0000000709480000,0x000000070c680000)
 ParOldGen       total 196096K, used 58310K [0x0000000540000000, 0x000000054bf80000, 0x00000006eab00000)
  object space 196096K, 29% used [0x0000000540000000,0x00000005438f18b0,0x000000054bf80000)
 Metaspace       used 27547K, capacity 27912K, committed 28288K, reserved 1075200K
  class space    used 3291K, capacity 3433K, committed 3456K, reserved 1048576K
Event: 7.608 GC heap after
Heap after GC invocations=8 (full 1):
 PSYoungGen      total 552448K, used 35093K [0x00000006eab00000, 0x0000000716a80000, 0x00000007c0000000)
  eden space 501248K, 0% used [0x00000006eab00000,0x00000006eab00000,0x0000000709480000)
  from space 51200K, 68% used [0x0000000709480000,0x000000070b6c5440,0x000000070c680000)
  to   space 51200K, 0% used [0x0000000713880000,0x0000000713880000,0x0000000716a80000)
 ParOldGen       total 196096K, used 58318K [0x0000000540000000, 0x000000054bf80000, 0x00000006eab00000)
  object space 196096K, 29% used [0x0000000540000000,0x00000005438f38b0,0x000000054bf80000)
 Metaspace       used 27547K, capacity 27912K, committed 28288K, reserved 1075200K
  class space    used 3291K, capacity 3433K, committed 3456K, reserved 1048576K
}
Event: 8.884 GC heap before
{Heap before GC invocations=9 (full 1):
 PSYoungGen      total 552448K, used 536341K [0x00000006eab00000, 0x0000000716a80000, 0x00000007c0000000)
  eden space 501248K, 100% used [0x00000006eab00000,0x0000000709480000,0x0000000709480000)
  from space 51200K, 68% used [0x0000000709480000,0x000000070b6c5440,0x000000070c680000)
  to   space 51200K, 0% used [0x0000000713880000,0x0000000713880000,0x0000000716a80000)
 ParOldGen       total 196096K, used 58318K [0x0000000540000000, 0x000000054bf80000, 0x00000006eab00000)
  object space 196096K, 29% used [0x0000000540000000,0x00000005438f38b0,0x000000054bf80000)
 Metaspace       used 31117K, capacity 31500K, committed 31872K, reserved 1077248K
  class space    used 4006K, capacity 4137K, committed 4224K, reserved 1048576K
Event: 8.934 GC heap after
Heap after GC invocations=9 (full 1):
 PSYoungGen      total 662528K, used 50714K [0x00000006eab00000, 0x0000000721280000, 0x00000007c0000000)
  eden space 611328K, 0% used [0x00000006eab00000,0x00000006eab00000,0x0000000710000000)
  from space 51200K, 99% used [0x0000000713880000,0x0000000716a06920,0x0000000716a80000)
  to   space 57856K, 0% used [0x0000000710000000,0x0000000710000000,0x0000000713880000)
 ParOldGen       total 196096K, used 58326K [0x0000000540000000, 0x000000054bf80000, 0x00000006eab00000)
  object space 196096K, 29% used [0x0000000540000000,0x00000005438f58b0,0x000000054bf80000)
 Metaspace       used 31117K, capacity 31500K, committed 31872K, reserved 1077248K
  class space    used 4006K, capacity 4137K, committed 4224K, reserved 1048576K
}
Event: 9.861 GC heap before
{Heap before GC invocations=10 (full 1):
 PSYoungGen      total 662528K, used 396158K [0x00000006eab00000, 0x0000000721280000, 0x00000007c0000000)
  eden space 611328K, 56% used [0x00000006eab00000,0x00000006ffc590f0,0x0000000710000000)
  from space 51200K, 99% used [0x0000000713880000,0x0000000716a06920,0x0000000716a80000)
  to   space 57856K, 0% used [0x0000000710000000,0x0000000710000000,0x0000000713880000)
 ParOldGen       total 196096K, used 58326K [0x0000000540000000, 0x000000054bf80000, 0x00000006eab00000)
  object space 196096K, 29% used [0x0000000540000000,0x00000005438f58b0,0x000000054bf80000)
 Metaspace       used 34910K, capacity 35280K, committed 35496K, reserved 1079296K
  class space    used 4628K, capacity 4779K, committed 4864K, reserved 1048576K
Event: 9.901 GC heap after
Heap after GC invocations=10 (full 1):
 PSYoungGen      total 669184K, used 41640K [0x00000006eab00000, 0x0000000723e80000, 0x00000007c0000000)
  eden space 611328K, 0% used [0x00000006eab00000,0x00000006eab00000,0x0000000710000000)
  from space 57856K, 71% used [0x0000000710000000,0x00000007128aa218,0x0000000713880000)
  to   space 58880K, 0% used [0x0000000720500000,0x0000000720500000,0x0000000723e80000)
 ParOldGen       total 196096K, used 79840K [0x0000000540000000, 0x000000054bf80000, 0x00000006eab00000)
  object space 196096K, 40% used [0x0000000540000000,0x0000000544df8178,0x000000054bf80000)
 Metaspace       used 34910K, capacity 35280K, committed 35496K, reserved 1079296K
  class space    used 4628K, capacity 4779K, committed 4864K, reserved 1048576K
}
Event: 9.901 GC heap before
{Heap before GC invocations=11 (full 2):
 PSYoungGen      total 669184K, used 41640K [0x00000006eab00000, 0x0000000723e80000, 0x00000007c0000000)
  eden space 611328K, 0% used [0x00000006eab00000,0x00000006eab00000,0x0000000710000000)
  from space 57856K, 71% used [0x0000000710000000,0x00000007128aa218,0x0000000713880000)
  to   space 58880K, 0% used [0x0000000720500000,0x0000000720500000,0x0000000723e80000)
 ParOldGen       total 196096K, used 79840K [0x0000000540000000, 0x000000054bf80000, 0x00000006eab00000)
  object space 196096K, 40% used [0x0000000540000000,0x0000000544df8178,0x000000054bf80000)
 Metaspace       used 34910K, capacity 35280K, committed 35496K, reserved 1079296K
  class space    used 4628K, capacity 4779K, committed 4864K, reserved 1048576K
Event: 10.104 GC heap after
Heap after GC invocations=11 (full 2):
 PSYoungGen      total 669184K, used 0K [0x00000006eab00000, 0x0000000723e80000, 0x00000007c0000000)
  eden space 611328K, 0% used [0x00000006eab00000,0x00000006eab00000,0x0000000710000000)
  from space 57856K, 0% used [0x0000000710000000,0x0000000710000000,0x0000000713880000)
  to   space 58880K, 0% used [0x0000000720500000,0x0000000720500000,0x0000000723e80000)
 ParOldGen       total 290816K, used 106681K [0x0000000540000000, 0x0000000551c00000, 0x00000006eab00000)
  object space 290816K, 36% used [0x0000000540000000,0x000000054682e6e0,0x0000000551c00000)
 Metaspace       used 34910K, capacity 35280K, committed 35496K, reserved 1079296K
  class space    used 4628K, capacity 4779K, committed 4864K, reserved 1048576K
}

