# JRE version: OpenJDK Runtime Environment (8.0_242-b08) (build 1.8.0_242-b08)
# Java VM: OpenJDK 64-Bit Server VM (25.242-b08 mixed mode bsd-amd64 compressed oops)
Heap:
 PSYoungGen      total 686080K, used 33076K [0x00000006eab00000, 0x0000000727c80000, 0x00000007c0000000)
  eden space 641536K, 5% used [0x00000006eab00000,0x00000006ecb4d368,0x0000000711d80000)
  from space 44544K, 0% used [0x0000000711d80000,0x0000000711d80000,0x0000000714900000)
  to   space 45056K, 0% used [0x0000000725080000,0x0000000725080000,0x0000000727c80000)
 ParOldGen       total 271360K, used 106063K [0x0000000540000000, 0x0000000550900000, 0x00000006eab00000)
  object space 271360K, 39% used [0x0000000540000000,0x0000000546793f90,0x0000000550900000)
 Metaspace       used 35652K, capacity 36112K, committed 36352K, reserved 1081344K
  class space    used 4698K, capacity 4843K, committed 4864K, reserved 1048576K
GC Heap History (10 events):
Event: 11.558 GC heap before
{Heap before GC invocations=9 (full 1):
 PSYoungGen      total 304128K, used 262144K [0x00000006eab00000, 0x000000070fc00000, 0x00000007c0000000)
  eden space 262144K, 100% used [0x00000006eab00000,0x00000006fab00000,0x00000006fab00000)
  from space 41984K, 0% used [0x00000006fab00000,0x00000006fab00000,0x00000006fd400000)
  to   space 41472K, 0% used [0x000000070d380000,0x000000070d380000,0x000000070fc00000)
 ParOldGen       total 175104K, used 44831K [0x0000000540000000, 0x000000054ab00000, 0x00000006eab00000)
  object space 175104K, 25% used [0x0000000540000000,0x0000000542bc7f50,0x000000054ab00000)
 Metaspace       used 23979K, capacity 24270K, committed 24448K, reserved 1071104K
  class space    used 2811K, capacity 2928K, committed 2944K, reserved 1048576K
Event: 11.595 GC heap after
Heap after GC invocations=9 (full 1):
 PSYoungGen      total 478720K, used 26010K [0x00000006eab00000, 0x000000070ed00000, 0x00000007c0000000)
  eden space 452608K, 0% used [0x00000006eab00000,0x00000006eab00000,0x0000000706500000)
  from space 26112K, 99% used [0x000000070d380000,0x000000070ece6990,0x000000070ed00000)
  to   space 40448K, 0% used [0x0000000709e00000,0x0000000709e00000,0x000000070c580000)
 ParOldGen       total 175104K, used 44839K [0x0000000540000000, 0x000000054ab00000, 0x00000006eab00000)
  object space 175104K, 25% used [0x0000000540000000,0x0000000542bc9f50,0x000000054ab00000)
 Metaspace       used 23979K, capacity 24270K, committed 24448K, reserved 1071104K
  class space    used 2811K, capacity 2928K, committed 2944K, reserved 1048576K
}
Event: 13.646 GC heap before
{Heap before GC invocations=10 (full 1):
 PSYoungGen      total 478720K, used 478618K [0x00000006eab00000, 0x000000070ed00000, 0x00000007c0000000)
  eden space 452608K, 100% used [0x00000006eab00000,0x0000000706500000,0x0000000706500000)
  from space 26112K, 99% used [0x000000070d380000,0x000000070ece6990,0x000000070ed00000)
  to   space 40448K, 0% used [0x0000000709e00000,0x0000000709e00000,0x000000070c580000)
 ParOldGen       total 175104K, used 44839K [0x0000000540000000, 0x000000054ab00000, 0x00000006eab00000)
  object space 175104K, 25% used [0x0000000540000000,0x0000000542bc9f50,0x000000054ab00000)
 Metaspace       used 27589K, capacity 27976K, committed 28288K, reserved 1075200K
  class space    used 3307K, capacity 3433K, committed 3456K, reserved 1048576K
Event: 13.678 GC heap after
Heap after GC invocations=10 (full 1):
 PSYoungGen      total 551424K, used 39612K [0x00000006eab00000, 0x0000000717500000, 0x00000007c0000000)
  eden space 510976K, 0% used [0x00000006eab00000,0x00000006eab00000,0x0000000709e00000)
  from space 40448K, 97% used [0x0000000709e00000,0x000000070c4af290,0x000000070c580000)
  to   space 45056K, 0% used [0x0000000714900000,0x0000000714900000,0x0000000717500000)
 ParOldGen       total 175104K, used 44847K [0x0000000540000000, 0x000000054ab00000, 0x00000006eab00000)
  object space 175104K, 25% used [0x0000000540000000,0x0000000542bcbf50,0x000000054ab00000)
 Metaspace       used 27589K, capacity 27976K, committed 28288K, reserved 1075200K
  class space    used 3307K, capacity 3433K, committed 3456K, reserved 1048576K
}
Event: 16.036 GC heap before
{Heap before GC invocations=11 (full 1):
 PSYoungGen      total 551424K, used 550588K [0x00000006eab00000, 0x0000000717500000, 0x00000007c0000000)
  eden space 510976K, 100% used [0x00000006eab00000,0x0000000709e00000,0x0000000709e00000)
  from space 40448K, 97% used [0x0000000709e00000,0x000000070c4af290,0x000000070c580000)
  to   space 45056K, 0% used [0x0000000714900000,0x0000000714900000,0x0000000717500000)
 ParOldGen       total 175104K, used 44847K [0x0000000540000000, 0x000000054ab00000, 0x00000006eab00000)
  object space 175104K, 25% used [0x0000000540000000,0x0000000542bcbf50,0x000000054ab00000)
 Metaspace       used 31667K, capacity 32076K, committed 32512K, reserved 1077248K
  class space    used 4149K, capacity 4265K, committed 4352K, reserved 1048576K
Event: 16.069 GC heap after
Heap after GC invocations=11 (full 1):
 PSYoungGen      total 686592K, used 29839K [0x00000006eab00000, 0x000000071bb00000, 0x00000007c0000000)
  eden space 641536K, 0% used [0x00000006eab00000,0x00000006eab00000,0x0000000711d80000)
  from space 45056K, 66% used [0x0000000714900000,0x0000000716623df0,0x0000000717500000)
  to   space 44544K, 0% used [0x0000000711d80000,0x0000000711d80000,0x0000000714900000)
 ParOldGen       total 175104K, used 66972K [0x0000000540000000, 0x000000054ab00000, 0x00000006eab00000)
  object space 175104K, 38% used [0x0000000540000000,0x0000000544167148,0x000000054ab00000)
 Metaspace       used 31667K, capacity 32076K, committed 32512K, reserved 1077248K
  class space    used 4149K, capacity 4265K, committed 4352K, reserved 1048576K
}
Event: 17.180 GC heap before
{Heap before GC invocations=12 (full 1):
 PSYoungGen      total 686592K, used 346056K [0x00000006eab00000, 0x000000071bb00000, 0x00000007c0000000)
  eden space 641536K, 49% used [0x00000006eab00000,0x00000006fdfce3e0,0x0000000711d80000)
  from space 45056K, 66% used [0x0000000714900000,0x0000000716623df0,0x0000000717500000)
  to   space 44544K, 0% used [0x0000000711d80000,0x0000000711d80000,0x0000000714900000)
 ParOldGen       total 175104K, used 66972K [0x0000000540000000, 0x000000054ab00000, 0x00000006eab00000)
  object space 175104K, 38% used [0x0000000540000000,0x0000000544167148,0x000000054ab00000)
 Metaspace       used 34824K, capacity 35280K, committed 35496K, reserved 1079296K
  class space    used 4612K, capacity 4779K, committed 4864K, reserved 1048576K
Event: 17.236 GC heap after
Heap after GC invocations=12 (full 1):
 PSYoungGen      total 686080K, used 12655K [0x00000006eab00000, 0x0000000727c80000, 0x00000007c0000000)
  eden space 641536K, 0% used [0x00000006eab00000,0x00000006eab00000,0x0000000711d80000)
  from space 44544K, 28% used [0x0000000711d80000,0x00000007129dbc70,0x0000000714900000)
  to   space 45056K, 0% used [0x0000000725080000,0x0000000725080000,0x0000000727c80000)
 ParOldGen       total 175104K, used 95537K [0x0000000540000000, 0x000000054ab00000, 0x00000006eab00000)
  object space 175104K, 54% used [0x0000000540000000,0x0000000545d4c780,0x000000054ab00000)
 Metaspace       used 34824K, capacity 35280K, committed 35496K, reserved 1079296K
  class space    used 4612K, capacity 4779K, committed 4864K, reserved 1048576K
}
Event: 17.236 GC heap before
{Heap before GC invocations=13 (full 2):
 PSYoungGen      total 686080K, used 12655K [0x00000006eab00000, 0x0000000727c80000, 0x00000007c0000000)
  eden space 641536K, 0% used [0x00000006eab00000,0x00000006eab00000,0x0000000711d80000)
  from space 44544K, 28% used [0x0000000711d80000,0x00000007129dbc70,0x0000000714900000)
  to   space 45056K, 0% used [0x0000000725080000,0x0000000725080000,0x0000000727c80000)
 ParOldGen       total 175104K, used 95537K [0x0000000540000000, 0x000000054ab00000, 0x00000006eab00000)
  object space 175104K, 54% used [0x0000000540000000,0x0000000545d4c780,0x000000054ab00000)
 Metaspace       used 34824K, capacity 35280K, committed 35496K, reserved 1079296K
  class space    used 4612K, capacity 4779K, committed 4864K, reserved 1048576K
Event: 17.780 GC heap after
Heap after GC invocations=13 (full 2):
 PSYoungGen      total 686080K, used 0K [0x00000006eab00000, 0x0000000727c80000, 0x00000007c0000000)
  eden space 641536K, 0% used [0x00000006eab00000,0x00000006eab00000,0x0000000711d80000)
  from space 44544K, 0% used [0x0000000711d80000,0x0000000711d80000,0x0000000714900000)
  to   space 45056K, 0% used [0x0000000725080000,0x0000000725080000,0x0000000727c80000)
 ParOldGen       total 271360K, used 106063K [0x0000000540000000, 0x0000000550900000, 0x00000006eab00000)
  object space 271360K, 39% used [0x0000000540000000,0x0000000546793f90,0x0000000550900000)
 Metaspace       used 34824K, capacity 35280K, committed 35496K, reserved 1079296K
  class space    used 4612K, capacity 4779K, committed 4864K, reserved 1048576K
}

