# JRE version: OpenJDK Runtime Environment (8.0_242-b08) (build 1.8.0_242-b08)
# Java VM: OpenJDK 64-Bit Server VM (25.242-b08 mixed mode bsd-amd64 compressed oops)
Heap:
 PSYoungGen      total 639488K, used 30553K [0x00000006eab00000, 0x0000000721300000, 0x00000007c0000000)
  eden space 578560K, 5% used [0x00000006eab00000,0x00000006ec8d66a0,0x000000070e000000)
  from space 60928K, 0% used [0x000000070e000000,0x000000070e000000,0x0000000711b80000)
  to   space 70656K, 0% used [0x000000071ce00000,0x000000071ce00000,0x0000000721300000)
 ParOldGen       total 298496K, used 107695K [0x0000000540000000, 0x0000000552380000, 0x00000006eab00000)
  object space 298496K, 36% used [0x0000000540000000,0x000000054692bc38,0x0000000552380000)
 Metaspace       used 36020K, capacity 36464K, committed 36904K, reserved 1081344K
  class space    used 4734K, capacity 4875K, committed 4904K, reserved 1048576K
GC Heap History (10 events):
Event: 8.261 GC heap before
{Heap before GC invocations=7 (full 1):
 PSYoungGen      total 272896K, used 252349K [0x00000006eab00000, 0x0000000711600000, 0x00000007c0000000)
  eden space 262144K, 96% used [0x00000006eab00000,0x00000006fa16f770,0x00000006fab00000)
  from space 10752K, 0% used [0x00000006fab00000,0x00000006fab00000,0x00000006fb580000)
  to   space 54784K, 0% used [0x000000070e080000,0x000000070e080000,0x0000000711600000)
 ParOldGen       total 197632K, used 57892K [0x0000000540000000, 0x000000054c100000, 0x00000006eab00000)
  object space 197632K, 29% used [0x0000000540000000,0x0000000543889318,0x000000054c100000)
 Metaspace       used 23472K, capacity 23720K, committed 24192K, reserved 1071104K
  class space    used 2739K, capacity 2831K, committed 2944K, reserved 1048576K
Event: 8.283 GC heap after
Heap after GC invocations=7 (full 1):
 PSYoungGen      total 410112K, used 15427K [0x00000006eab00000, 0x000000070f000000, 0x00000007c0000000)
  eden space 394240K, 0% used [0x00000006eab00000,0x00000006eab00000,0x0000000702c00000)
  from space 15872K, 97% used [0x000000070e080000,0x000000070ef90eb8,0x000000070f000000)
  to   space 54272K, 0% used [0x0000000708600000,0x0000000708600000,0x000000070bb00000)
 ParOldGen       total 197632K, used 57900K [0x0000000540000000, 0x000000054c100000, 0x00000006eab00000)
  object space 197632K, 29% used [0x0000000540000000,0x000000054388b318,0x000000054c100000)
 Metaspace       used 23472K, capacity 23720K, committed 24192K, reserved 1071104K
  class space    used 2739K, capacity 2831K, committed 2944K, reserved 1048576K
}
Event: 10.773 GC heap before
{Heap before GC invocations=8 (full 1):
 PSYoungGen      total 410112K, used 409667K [0x00000006eab00000, 0x000000070f000000, 0x00000007c0000000)
  eden space 394240K, 100% used [0x00000006eab00000,0x0000000702c00000,0x0000000702c00000)
  from space 15872K, 97% used [0x000000070e080000,0x000000070ef90eb8,0x000000070f000000)
  to   space 54272K, 0% used [0x0000000708600000,0x0000000708600000,0x000000070bb00000)
 ParOldGen       total 197632K, used 57900K [0x0000000540000000, 0x000000054c100000, 0x00000006eab00000)
  object space 197632K, 29% used [0x0000000540000000,0x000000054388b318,0x000000054c100000)
 Metaspace       used 27450K, capacity 27826K, committed 28288K, reserved 1075200K
  class space    used 3243K, capacity 3364K, committed 3456K, reserved 1048576K
Event: 10.816 GC heap after
Heap after GC invocations=8 (full 1):
 PSYoungGen      total 540672K, used 35073K [0x00000006eab00000, 0x0000000715080000, 0x00000007c0000000)
  eden space 486400K, 0% used [0x00000006eab00000,0x00000006eab00000,0x0000000708600000)
  from space 54272K, 64% used [0x0000000708600000,0x000000070a840450,0x000000070bb00000)
  to   space 54272K, 0% used [0x0000000711b80000,0x0000000711b80000,0x0000000715080000)
 ParOldGen       total 197632K, used 57908K [0x0000000540000000, 0x000000054c100000, 0x00000006eab00000)
  object space 197632K, 29% used [0x0000000540000000,0x000000054388d318,0x000000054c100000)
 Metaspace       used 27450K, capacity 27826K, committed 28288K, reserved 1075200K
  class space    used 3243K, capacity 3364K, committed 3456K, reserved 1048576K
}
Event: 13.194 GC heap before
{Heap before GC invocations=9 (full 1):
 PSYoungGen      total 540672K, used 521473K [0x00000006eab00000, 0x0000000715080000, 0x00000007c0000000)
  eden space 486400K, 100% used [0x00000006eab00000,0x0000000708600000,0x0000000708600000)
  from space 54272K, 64% used [0x0000000708600000,0x000000070a840450,0x000000070bb00000)
  to   space 54272K, 0% used [0x0000000711b80000,0x0000000711b80000,0x0000000715080000)
 ParOldGen       total 197632K, used 57908K [0x0000000540000000, 0x000000054c100000, 0x00000006eab00000)
  object space 197632K, 29% used [0x0000000540000000,0x000000054388d318,0x000000054c100000)
 Metaspace       used 30821K, capacity 31244K, committed 31488K, reserved 1077248K
  class space    used 3942K, capacity 4073K, committed 4096K, reserved 1048576K
Event: 13.236 GC heap after
Heap after GC invocations=9 (full 1):
 PSYoungGen      total 632832K, used 50178K [0x00000006eab00000, 0x000000071dc80000, 0x00000007c0000000)
  eden space 578560K, 0% used [0x00000006eab00000,0x00000006eab00000,0x000000070e000000)
  from space 54272K, 92% used [0x0000000711b80000,0x0000000714c80948,0x0000000715080000)
  to   space 60928K, 0% used [0x000000070e000000,0x000000070e000000,0x0000000711b80000)
 ParOldGen       total 197632K, used 57916K [0x0000000540000000, 0x000000054c100000, 0x00000006eab00000)
  object space 197632K, 29% used [0x0000000540000000,0x000000054388f318,0x000000054c100000)
 Metaspace       used 30821K, capacity 31244K, committed 31488K, reserved 1077248K
  class space    used 3942K, capacity 4073K, committed 4096K, reserved 1048576K
}
Event: 14.829 GC heap before
{Heap before GC invocations=10 (full 1):
 PSYoungGen      total 632832K, used 434087K [0x00000006eab00000, 0x000000071dc80000, 0x00000007c0000000)
  eden space 578560K, 66% used [0x00000006eab00000,0x00000007021e9528,0x000000070e000000)
  from space 54272K, 92% used [0x0000000711b80000,0x0000000714c80948,0x0000000715080000)
  to   space 60928K, 0% used [0x000000070e000000,0x000000070e000000,0x0000000711b80000)
 ParOldGen       total 197632K, used 57916K [0x0000000540000000, 0x000000054c100000, 0x00000006eab00000)
  object space 197632K, 29% used [0x0000000540000000,0x000000054388f318,0x000000054c100000)
 Metaspace       used 34786K, capacity 35228K, committed 35496K, reserved 1079296K
  class space    used 4603K, capacity 4739K, committed 4776K, reserved 1048576K
Event: 14.879 GC heap after
Heap after GC invocations=10 (full 1):
 PSYoungGen      total 639488K, used 60920K [0x00000006eab00000, 0x0000000721300000, 0x00000007c0000000)
  eden space 578560K, 0% used [0x00000006eab00000,0x00000006eab00000,0x000000070e000000)
  from space 60928K, 99% used [0x000000070e000000,0x0000000711b7e360,0x0000000711b80000)
  to   space 70656K, 0% used [0x000000071ce00000,0x000000071ce00000,0x0000000721300000)
 ParOldGen       total 197632K, used 60423K [0x0000000540000000, 0x000000054c100000, 0x00000006eab00000)
  object space 197632K, 30% used [0x0000000540000000,0x0000000543b01cd0,0x000000054c100000)
 Metaspace       used 34786K, capacity 35228K, committed 35496K, reserved 1079296K
  class space    used 4603K, capacity 4739K, committed 4776K, reserved 1048576K
}
Event: 14.879 GC heap before
{Heap before GC invocations=11 (full 2):
 PSYoungGen      total 639488K, used 60920K [0x00000006eab00000, 0x0000000721300000, 0x00000007c0000000)
  eden space 578560K, 0% used [0x00000006eab00000,0x00000006eab00000,0x000000070e000000)
  from space 60928K, 99% used [0x000000070e000000,0x0000000711b7e360,0x0000000711b80000)
  to   space 70656K, 0% used [0x000000071ce00000,0x000000071ce00000,0x0000000721300000)
 ParOldGen       total 197632K, used 60423K [0x0000000540000000, 0x000000054c100000, 0x00000006eab00000)
  object space 197632K, 30% used [0x0000000540000000,0x0000000543b01cd0,0x000000054c100000)
 Metaspace       used 34786K, capacity 35228K, committed 35496K, reserved 1079296K
  class space    used 4603K, capacity 4739K, committed 4776K, reserved 1048576K
Event: 15.178 GC heap after
Heap after GC invocations=11 (full 2):
 PSYoungGen      total 639488K, used 0K [0x00000006eab00000, 0x0000000721300000, 0x00000007c0000000)
  eden space 578560K, 0% used [0x00000006eab00000,0x00000006eab00000,0x000000070e000000)
  from space 60928K, 0% used [0x000000070e000000,0x000000070e000000,0x0000000711b80000)
  to   space 70656K, 0% used [0x000000071ce00000,0x000000071ce00000,0x0000000721300000)
 ParOldGen       total 298496K, used 107695K [0x0000000540000000, 0x0000000552380000, 0x00000006eab00000)
  object space 298496K, 36% used [0x0000000540000000,0x000000054692bc38,0x0000000552380000)
 Metaspace       used 34786K, capacity 35228K, committed 35496K, reserved 1079296K
  class space    used 4603K, capacity 4739K, committed 4776K, reserved 1048576K
}

