# JRE version: OpenJDK Runtime Environment (8.0_242-b08) (build 1.8.0_242-b08)
# Java VM: OpenJDK 64-Bit Server VM (25.242-b08 mixed mode bsd-amd64 compressed oops)
Heap:
 PSYoungGen      total 658944K, used 37687K [0x00000006eab00000, 0x0000000724a80000, 0x00000007c0000000)
  eden space 614400K, 6% used [0x00000006eab00000,0x00000006ecfcdd68,0x0000000710300000)
  from space 44544K, 0% used [0x0000000710300000,0x0000000710300000,0x0000000712e80000)
  to   space 45568K, 0% used [0x0000000721e00000,0x0000000721e00000,0x0000000724a80000)
 ParOldGen       total 267264K, used 106383K [0x0000000540000000, 0x0000000550500000, 0x00000006eab00000)
  object space 267264K, 39% used [0x0000000540000000,0x00000005467e3c58,0x0000000550500000)
 Metaspace       used 35862K, capacity 36272K, committed 36736K, reserved 1081344K
  class space    used 4728K, capacity 4875K, committed 4992K, reserved 1048576K
GC Heap History (10 events):
Event: 8.815 GC heap before
{Heap before GC invocations=9 (full 1):
 PSYoungGen      total 306176K, used 260096K [0x00000006eab00000, 0x000000070fd00000, 0x00000007c0000000)
  eden space 260096K, 100% used [0x00000006eab00000,0x00000006fa900000,0x00000006fa900000)
  from space 46080K, 0% used [0x00000006fa900000,0x00000006fa900000,0x00000006fd600000)
  to   space 44032K, 0% used [0x000000070d200000,0x000000070d200000,0x000000070fd00000)
 ParOldGen       total 175104K, used 48002K [0x0000000540000000, 0x000000054ab00000, 0x00000006eab00000)
  object space 175104K, 27% used [0x0000000540000000,0x0000000542ee0ac0,0x000000054ab00000)
 Metaspace       used 23938K, capacity 24298K, committed 24704K, reserved 1071104K
  class space    used 2817K, capacity 2896K, committed 2944K, reserved 1048576K
Event: 8.838 GC heap after
Heap after GC invocations=9 (full 1):
 PSYoungGen      total 464896K, used 25386K [0x00000006eab00000, 0x000000070eb00000, 0x00000007c0000000)
  eden space 439296K, 0% used [0x00000006eab00000,0x00000006eab00000,0x0000000705800000)
  from space 25600K, 99% used [0x000000070d200000,0x000000070eaca8a8,0x000000070eb00000)
  to   space 41984K, 0% used [0x0000000709900000,0x0000000709900000,0x000000070c200000)
 ParOldGen       total 175104K, used 48010K [0x0000000540000000, 0x000000054ab00000, 0x00000006eab00000)
  object space 175104K, 27% used [0x0000000540000000,0x0000000542ee2ac0,0x000000054ab00000)
 Metaspace       used 23938K, capacity 24298K, committed 24704K, reserved 1071104K
  class space    used 2817K, capacity 2896K, committed 2944K, reserved 1048576K
}
Event: 10.576 GC heap before
{Heap before GC invocations=10 (full 1):
 PSYoungGen      total 464896K, used 464682K [0x00000006eab00000, 0x000000070eb00000, 0x00000007c0000000)
  eden space 439296K, 100% used [0x00000006eab00000,0x0000000705800000,0x0000000705800000)
  from space 25600K, 99% used [0x000000070d200000,0x000000070eaca8a8,0x000000070eb00000)
  to   space 41984K, 0% used [0x0000000709900000,0x0000000709900000,0x000000070c200000)
 ParOldGen       total 175104K, used 48010K [0x0000000540000000, 0x000000054ab00000, 0x00000006eab00000)
  object space 175104K, 27% used [0x0000000540000000,0x0000000542ee2ac0,0x000000054ab00000)
 Metaspace       used 27778K, capacity 28136K, committed 28416K, reserved 1075200K
  class space    used 3336K, capacity 3465K, committed 3584K, reserved 1048576K
Event: 10.608 GC heap after
Heap after GC invocations=10 (full 1):
 PSYoungGen      total 547840K, used 38256K [0x00000006eab00000, 0x0000000715b00000, 0x00000007c0000000)
  eden space 505856K, 0% used [0x00000006eab00000,0x00000006eab00000,0x0000000709900000)
  from space 41984K, 91% used [0x0000000709900000,0x000000070be5c318,0x000000070c200000)
  to   space 45568K, 0% used [0x0000000712e80000,0x0000000712e80000,0x0000000715b00000)
 ParOldGen       total 175104K, used 48018K [0x0000000540000000, 0x000000054ab00000, 0x00000006eab00000)
  object space 175104K, 27% used [0x0000000540000000,0x0000000542ee4ac0,0x000000054ab00000)
 Metaspace       used 27778K, capacity 28136K, committed 28416K, reserved 1075200K
  class space    used 3336K, capacity 3465K, committed 3584K, reserved 1048576K
}
Event: 12.339 GC heap before
{Heap before GC invocations=11 (full 1):
 PSYoungGen      total 547840K, used 544112K [0x00000006eab00000, 0x0000000715b00000, 0x00000007c0000000)
  eden space 505856K, 100% used [0x00000006eab00000,0x0000000709900000,0x0000000709900000)
  from space 41984K, 91% used [0x0000000709900000,0x000000070be5c318,0x000000070c200000)
  to   space 45568K, 0% used [0x0000000712e80000,0x0000000712e80000,0x0000000715b00000)
 ParOldGen       total 175104K, used 48018K [0x0000000540000000, 0x000000054ab00000, 0x00000006eab00000)
  object space 175104K, 27% used [0x0000000540000000,0x0000000542ee4ac0,0x000000054ab00000)
 Metaspace       used 31614K, capacity 31980K, committed 32256K, reserved 1077248K
  class space    used 4119K, capacity 4233K, committed 4352K, reserved 1048576K
Event: 12.367 GC heap after
Heap after GC invocations=11 (full 1):
 PSYoungGen      total 659968K, used 30038K [0x00000006eab00000, 0x000000071aa80000, 0x00000007c0000000)
  eden space 614400K, 0% used [0x00000006eab00000,0x00000006eab00000,0x0000000710300000)
  from space 45568K, 65% used [0x0000000712e80000,0x0000000714bd58f8,0x0000000715b00000)
  to   space 44544K, 0% used [0x0000000710300000,0x0000000710300000,0x0000000712e80000)
 ParOldGen       total 175104K, used 69675K [0x0000000540000000, 0x000000054ab00000, 0x00000006eab00000)
  object space 175104K, 39% used [0x0000000540000000,0x000000054440ae48,0x000000054ab00000)
 Metaspace       used 31614K, capacity 31980K, committed 32256K, reserved 1077248K
  class space    used 4119K, capacity 4233K, committed 4352K, reserved 1048576K
}
Event: 13.137 GC heap before
{Heap before GC invocations=12 (full 1):
 PSYoungGen      total 659968K, used 328915K [0x00000006eab00000, 0x000000071aa80000, 0x00000007c0000000)
  eden space 614400K, 48% used [0x00000006eab00000,0x00000006fcedf338,0x0000000710300000)
  from space 45568K, 65% used [0x0000000712e80000,0x0000000714bd58f8,0x0000000715b00000)
  to   space 44544K, 0% used [0x0000000710300000,0x0000000710300000,0x0000000712e80000)
 ParOldGen       total 175104K, used 69675K [0x0000000540000000, 0x000000054ab00000, 0x00000006eab00000)
  object space 175104K, 39% used [0x0000000540000000,0x000000054440ae48,0x000000054ab00000)
 Metaspace       used 34873K, capacity 35266K, committed 35496K, reserved 1079296K
  class space    used 4621K, capacity 4772K, committed 4864K, reserved 1048576K
Event: 13.173 GC heap after
Heap after GC invocations=12 (full 1):
 PSYoungGen      total 658944K, used 12832K [0x00000006eab00000, 0x0000000724a80000, 0x00000007c0000000)
  eden space 614400K, 0% used [0x00000006eab00000,0x00000006eab00000,0x0000000710300000)
  from space 44544K, 28% used [0x0000000710300000,0x0000000710f881d0,0x0000000712e80000)
  to   space 45568K, 0% used [0x0000000721e00000,0x0000000721e00000,0x0000000724a80000)
 ParOldGen       total 175104K, used 98307K [0x0000000540000000, 0x000000054ab00000, 0x00000006eab00000)
  object space 175104K, 56% used [0x0000000540000000,0x0000000546000e08,0x000000054ab00000)
 Metaspace       used 34873K, capacity 35266K, committed 35496K, reserved 1079296K
  class space    used 4621K, capacity 4772K, committed 4864K, reserved 1048576K
}
Event: 13.173 GC heap before
{Heap before GC invocations=13 (full 2):
 PSYoungGen      total 658944K, used 12832K [0x00000006eab00000, 0x0000000724a80000, 0x00000007c0000000)
  eden space 614400K, 0% used [0x00000006eab00000,0x00000006eab00000,0x0000000710300000)
  from space 44544K, 28% used [0x0000000710300000,0x0000000710f881d0,0x0000000712e80000)
  to   space 45568K, 0% used [0x0000000721e00000,0x0000000721e00000,0x0000000724a80000)
 ParOldGen       total 175104K, used 98307K [0x0000000540000000, 0x000000054ab00000, 0x00000006eab00000)
  object space 175104K, 56% used [0x0000000540000000,0x0000000546000e08,0x000000054ab00000)
 Metaspace       used 34873K, capacity 35266K, committed 35496K, reserved 1079296K
  class space    used 4621K, capacity 4772K, committed 4864K, reserved 1048576K
Event: 13.421 GC heap after
Heap after GC invocations=13 (full 2):
 PSYoungGen      total 658944K, used 0K [0x00000006eab00000, 0x0000000724a80000, 0x00000007c0000000)
  eden space 614400K, 0% used [0x00000006eab00000,0x00000006eab00000,0x0000000710300000)
  from space 44544K, 0% used [0x0000000710300000,0x0000000710300000,0x0000000712e80000)
  to   space 45568K, 0% used [0x0000000721e00000,0x0000000721e00000,0x0000000724a80000)
 ParOldGen       total 267264K, used 106383K [0x0000000540000000, 0x0000000550500000, 0x00000006eab00000)
  object space 267264K, 39% used [0x0000000540000000,0x00000005467e3c58,0x0000000550500000)
 Metaspace       used 34873K, capacity 35266K, committed 35496K, reserved 1079296K
  class space    used 4621K, capacity 4772K, committed 4864K, reserved 1048576K
}

