# JRE version: OpenJDK Runtime Environment (8.0_242-b08) (build 1.8.0_242-b08)
# Java VM: OpenJDK 64-Bit Server VM (25.242-b08 mixed mode bsd-amd64 compressed oops)
Heap:
 PSYoungGen      total 662016K, used 34449K [0x00000006eab00000, 0x0000000725100000, 0x00000007c0000000)
  eden space 604160K, 5% used [0x00000006eab00000,0x00000006ecca47c0,0x000000070f900000)
  from space 57856K, 0% used [0x000000070f900000,0x000000070f900000,0x0000000713180000)
  to   space 67072K, 0% used [0x0000000720f80000,0x0000000720f80000,0x0000000725100000)
 ParOldGen       total 290816K, used 106462K [0x0000000540000000, 0x0000000551c00000, 0x00000006eab00000)
  object space 290816K, 36% used [0x0000000540000000,0x00000005467f7870,0x0000000551c00000)
 Metaspace       used 35856K, capacity 36272K, committed 36648K, reserved 1081344K
  class space    used 4728K, capacity 4875K, committed 4912K, reserved 1048576K
GC Heap History (10 events):
Event: 13.050 GC heap before
{Heap before GC invocations=7 (full 1):
 PSYoungGen      total 272896K, used 262144K [0x00000006eab00000, 0x0000000711500000, 0x00000007c0000000)
  eden space 262144K, 100% used [0x00000006eab00000,0x00000006fab00000,0x00000006fab00000)
  from space 10752K, 0% used [0x00000006fab00000,0x00000006fab00000,0x00000006fb580000)
  to   space 54272K, 0% used [0x000000070e000000,0x000000070e000000,0x0000000711500000)
 ParOldGen       total 196608K, used 58030K [0x0000000540000000, 0x000000054c000000, 0x00000006eab00000)
  object space 196608K, 29% used [0x0000000540000000,0x00000005438aba18,0x000000054c000000)
 Metaspace       used 23943K, capacity 24238K, committed 24752K, reserved 1071104K
  class space    used 2813K, capacity 2896K, committed 2992K, reserved 1048576K
Event: 13.077 GC heap after
Heap after GC invocations=7 (full 1):
 PSYoungGen      total 422400K, used 25460K [0x00000006eab00000, 0x000000070f900000, 0x00000007c0000000)
  eden space 396800K, 0% used [0x00000006eab00000,0x00000006eab00000,0x0000000702e80000)
  from space 25600K, 99% used [0x000000070e000000,0x000000070f8dd198,0x000000070f900000)
  to   space 51200K, 0% used [0x0000000709500000,0x0000000709500000,0x000000070c700000)
 ParOldGen       total 196608K, used 58038K [0x0000000540000000, 0x000000054c000000, 0x00000006eab00000)
  object space 196608K, 29% used [0x0000000540000000,0x00000005438ada18,0x000000054c000000)
 Metaspace       used 23943K, capacity 24238K, committed 24752K, reserved 1071104K
  class space    used 2813K, capacity 2896K, committed 2992K, reserved 1048576K
}
Event: 16.077 GC heap before
{Heap before GC invocations=8 (full 1):
 PSYoungGen      total 422400K, used 422260K [0x00000006eab00000, 0x000000070f900000, 0x00000007c0000000)
  eden space 396800K, 100% used [0x00000006eab00000,0x0000000702e80000,0x0000000702e80000)
  from space 25600K, 99% used [0x000000070e000000,0x000000070f8dd198,0x000000070f900000)
  to   space 51200K, 0% used [0x0000000709500000,0x0000000709500000,0x000000070c700000)
 ParOldGen       total 196608K, used 58038K [0x0000000540000000, 0x000000054c000000, 0x00000006eab00000)
  object space 196608K, 29% used [0x0000000540000000,0x00000005438ada18,0x000000054c000000)
 Metaspace       used 27501K, capacity 27880K, committed 28336K, reserved 1075200K
  class space    used 3276K, capacity 3401K, committed 3504K, reserved 1048576K
Event: 16.153 GC heap after
Heap after GC invocations=8 (full 1):
 PSYoungGen      total 552960K, used 35002K [0x00000006eab00000, 0x0000000716380000, 0x00000007c0000000)
  eden space 501760K, 0% used [0x00000006eab00000,0x00000006eab00000,0x0000000709500000)
  from space 51200K, 68% used [0x0000000709500000,0x000000070b72ea90,0x000000070c700000)
  to   space 51200K, 0% used [0x0000000713180000,0x0000000713180000,0x0000000716380000)
 ParOldGen       total 196608K, used 58046K [0x0000000540000000, 0x000000054c000000, 0x00000006eab00000)
  object space 196608K, 29% used [0x0000000540000000,0x00000005438afa18,0x000000054c000000)
 Metaspace       used 27501K, capacity 27880K, committed 28336K, reserved 1075200K
  class space    used 3276K, capacity 3401K, committed 3504K, reserved 1048576K
}
Event: 19.061 GC heap before
{Heap before GC invocations=9 (full 1):
 PSYoungGen      total 552960K, used 536762K [0x00000006eab00000, 0x0000000716380000, 0x00000007c0000000)
  eden space 501760K, 100% used [0x00000006eab00000,0x0000000709500000,0x0000000709500000)
  from space 51200K, 68% used [0x0000000709500000,0x000000070b72ea90,0x000000070c700000)
  to   space 51200K, 0% used [0x0000000713180000,0x0000000713180000,0x0000000716380000)
 ParOldGen       total 196608K, used 58046K [0x0000000540000000, 0x000000054c000000, 0x00000006eab00000)
  object space 196608K, 29% used [0x0000000540000000,0x00000005438afa18,0x000000054c000000)
 Metaspace       used 31030K, capacity 31404K, committed 31792K, reserved 1077248K
  class space    used 3983K, capacity 4105K, committed 4144K, reserved 1048576K
Event: 19.118 GC heap after
Heap after GC invocations=9 (full 1):
 PSYoungGen      total 655360K, used 50503K [0x00000006eab00000, 0x0000000720e80000, 0x00000007c0000000)
  eden space 604160K, 0% used [0x00000006eab00000,0x00000006eab00000,0x000000070f900000)
  from space 51200K, 98% used [0x0000000713180000,0x00000007162d1c68,0x0000000716380000)
  to   space 57856K, 0% used [0x000000070f900000,0x000000070f900000,0x0000000713180000)
 ParOldGen       total 196608K, used 58054K [0x0000000540000000, 0x000000054c000000, 0x00000006eab00000)
  object space 196608K, 29% used [0x0000000540000000,0x00000005438b1a18,0x000000054c000000)
 Metaspace       used 31030K, capacity 31404K, committed 31792K, reserved 1077248K
  class space    used 3983K, capacity 4105K, committed 4144K, reserved 1048576K
}
Event: 20.578 GC heap before
{Heap before GC invocations=10 (full 1):
 PSYoungGen      total 655360K, used 394167K [0x00000006eab00000, 0x0000000720e80000, 0x00000007c0000000)
  eden space 604160K, 56% used [0x00000006eab00000,0x00000006ffa9c260,0x000000070f900000)
  from space 51200K, 98% used [0x0000000713180000,0x00000007162d1c68,0x0000000716380000)
  to   space 57856K, 0% used [0x000000070f900000,0x000000070f900000,0x0000000713180000)
 ParOldGen       total 196608K, used 58054K [0x0000000540000000, 0x000000054c000000, 0x00000006eab00000)
  object space 196608K, 29% used [0x0000000540000000,0x00000005438b1a18,0x000000054c000000)
 Metaspace       used 34757K, capacity 35206K, committed 35496K, reserved 1079296K
  class space    used 4610K, capacity 4774K, committed 4784K, reserved 1048576K
Event: 20.640 GC heap after
Heap after GC invocations=10 (full 1):
 PSYoungGen      total 662016K, used 57832K [0x00000006eab00000, 0x0000000725100000, 0x00000007c0000000)
  eden space 604160K, 0% used [0x00000006eab00000,0x00000006eab00000,0x000000070f900000)
  from space 57856K, 99% used [0x000000070f900000,0x000000071317a358,0x0000000713180000)
  to   space 67072K, 0% used [0x0000000720f80000,0x0000000720f80000,0x0000000725100000)
 ParOldGen       total 196608K, used 62954K [0x0000000540000000, 0x000000054c000000, 0x00000006eab00000)
  object space 196608K, 32% used [0x0000000540000000,0x0000000543d7a800,0x000000054c000000)
 Metaspace       used 34757K, capacity 35206K, committed 35496K, reserved 1079296K
  class space    used 4610K, capacity 4774K, committed 4784K, reserved 1048576K
}
Event: 20.640 GC heap before
{Heap before GC invocations=11 (full 2):
 PSYoungGen      total 662016K, used 57832K [0x00000006eab00000, 0x0000000725100000, 0x00000007c0000000)
  eden space 604160K, 0% used [0x00000006eab00000,0x00000006eab00000,0x000000070f900000)
  from space 57856K, 99% used [0x000000070f900000,0x000000071317a358,0x0000000713180000)
  to   space 67072K, 0% used [0x0000000720f80000,0x0000000720f80000,0x0000000725100000)
 ParOldGen       total 196608K, used 62954K [0x0000000540000000, 0x000000054c000000, 0x00000006eab00000)
  object space 196608K, 32% used [0x0000000540000000,0x0000000543d7a800,0x000000054c000000)
 Metaspace       used 34757K, capacity 35206K, committed 35496K, reserved 1079296K
  class space    used 4610K, capacity 4774K, committed 4784K, reserved 1048576K
Event: 21.018 GC heap after
Heap after GC invocations=11 (full 2):
 PSYoungGen      total 662016K, used 0K [0x00000006eab00000, 0x0000000725100000, 0x00000007c0000000)
  eden space 604160K, 0% used [0x00000006eab00000,0x00000006eab00000,0x000000070f900000)
  from space 57856K, 0% used [0x000000070f900000,0x000000070f900000,0x0000000713180000)
  to   space 67072K, 0% used [0x0000000720f80000,0x0000000720f80000,0x0000000725100000)
 ParOldGen       total 290816K, used 106462K [0x0000000540000000, 0x0000000551c00000, 0x00000006eab00000)
  object space 290816K, 36% used [0x0000000540000000,0x00000005467f7870,0x0000000551c00000)
 Metaspace       used 34757K, capacity 35206K, committed 35496K, reserved 1079296K
  class space    used 4610K, capacity 4774K, committed 4784K, reserved 1048576K
}

